Determining if the pthread_create exist failed with the following output:
Change Dir: /home/buddy/Documents/cprograms/reduction/build/CMakeFiles/CMakeTmp

Run Build Command:"/usr/bin/make" "cmTC_f268c/fast"
/usr/bin/make -f CMakeFiles/cmTC_f268c.dir/build.make CMakeFiles/cmTC_f268c.dir/build
make[1]: Entering directory '/home/buddy/Documents/cprograms/reduction/build/CMakeFiles/CMakeTmp'
Building C object CMakeFiles/cmTC_f268c.dir/CheckSymbolExists.c.o
/usr/bin/cc    -fPIC    -o CMakeFiles/cmTC_f268c.dir/CheckSymbolExists.c.o   -c /home/buddy/Documents/cprograms/reduction/build/CMakeFiles/CMakeTmp/CheckSymbolExists.c
Linking C executable cmTC_f268c
/usr/local/bin/cmake -E cmake_link_script CMakeFiles/cmTC_f268c.dir/link.txt --verbose=1
/usr/bin/cc  -fPIC     CMakeFiles/cmTC_f268c.dir/CheckSymbolExists.c.o  -o cmTC_f268c -rdynamic 
CMakeFiles/cmTC_f268c.dir/CheckSymbolExists.c.o: In function `main':
CheckSymbolExists.c:(.text+0x1b): undefined reference to `pthread_create'
collect2: error: ld returned 1 exit status
CMakeFiles/cmTC_f268c.dir/build.make:97: recipe for target 'cmTC_f268c' failed
make[1]: *** [cmTC_f268c] Error 1
make[1]: Leaving directory '/home/buddy/Documents/cprograms/reduction/build/CMakeFiles/CMakeTmp'
Makefile:126: recipe for target 'cmTC_f268c/fast' failed
make: *** [cmTC_f268c/fast] Error 2

File /home/buddy/Documents/cprograms/reduction/build/CMakeFiles/CMakeTmp/CheckSymbolExists.c:
/* */
#include <pthread.h>

int main(int argc, char** argv)
{
  (void)argv;
#ifndef pthread_create
  return ((int*)(&pthread_create))[argc];
#else
  (void)argc;
  return 0;
#endif
}

Determining if the function pthread_create exists in the pthreads failed with the following output:
Change Dir: /home/buddy/Documents/cprograms/reduction/build/CMakeFiles/CMakeTmp

Run Build Command:"/usr/bin/make" "cmTC_87d37/fast"
/usr/bin/make -f CMakeFiles/cmTC_87d37.dir/build.make CMakeFiles/cmTC_87d37.dir/build
make[1]: Entering directory '/home/buddy/Documents/cprograms/reduction/build/CMakeFiles/CMakeTmp'
Building C object CMakeFiles/cmTC_87d37.dir/CheckFunctionExists.c.o
/usr/bin/cc    -fPIC -DCHECK_FUNCTION_EXISTS=pthread_create   -o CMakeFiles/cmTC_87d37.dir/CheckFunctionExists.c.o   -c /usr/local/share/cmake-3.6/Modules/CheckFunctionExists.c
Linking C executable cmTC_87d37
/usr/local/bin/cmake -E cmake_link_script CMakeFiles/cmTC_87d37.dir/link.txt --verbose=1
/usr/bin/cc  -fPIC -DCHECK_FUNCTION_EXISTS=pthread_create    CMakeFiles/cmTC_87d37.dir/CheckFunctionExists.c.o  -o cmTC_87d37 -rdynamic -lpthreads 
/usr/bin/ld: cannot find -lpthreads
collect2: error: ld returned 1 exit status
CMakeFiles/cmTC_87d37.dir/build.make:97: recipe for target 'cmTC_87d37' failed
make[1]: *** [cmTC_87d37] Error 1
make[1]: Leaving directory '/home/buddy/Documents/cprograms/reduction/build/CMakeFiles/CMakeTmp'
Makefile:126: recipe for target 'cmTC_87d37/fast' failed
make: *** [cmTC_87d37/fast] Error 2


